<?xml version="1.0" encoding="UTF-8"?>
<testng-results skipped="0" failed="0" total="2" passed="2">
  <reporter-output>
  </reporter-output>
  <suite name="Default suite" duration-ms="16755" started-at="2016-06-03T19:01:34Z" finished-at="2016-06-03T19:01:51Z">
    <groups>
    </groups>
    <test name="Chrome test" duration-ms="9225" started-at="2016-06-03T19:01:34Z" finished-at="2016-06-03T19:01:44Z">
      <class name="AtheneUSA.SeleniumwithMavenProject.AppTest">
        <test-method status="PASS" signature="openBrowser(java.lang.String)[pri:0, instance:AtheneUSA.SeleniumwithMavenProject.AppTest@4cc0edeb]" name="openBrowser" is-config="true" duration-ms="5019" started-at="2016-06-03T14:01:34Z" finished-at="2016-06-03T14:01:39Z">
          <params>
            <param index="0">
              <value>
                <![CDATA[Chrome]]>
              </value>
            </param>
          </params>
          <reporter-output>
          </reporter-output>
        </test-method> <!-- openBrowser -->
        <test-method status="PASS" signature="pageTitleAfterSearchShouldBeginWithSelenium()[pri:0, instance:AtheneUSA.SeleniumwithMavenProject.AppTest@4cc0edeb]" name="pageTitleAfterSearchShouldBeginWithSelenium" duration-ms="2387" started-at="2016-06-03T14:01:39Z" finished-at="2016-06-03T14:01:42Z">
          <reporter-output>
          </reporter-output>
        </test-method> <!-- pageTitleAfterSearchShouldBeginWithSelenium -->
        <test-method status="PASS" signature="saveScreenshotAndCloseBrowser(java.lang.String)[pri:0, instance:AtheneUSA.SeleniumwithMavenProject.AppTest@4cc0edeb]" name="saveScreenshotAndCloseBrowser" is-config="true" duration-ms="1794" started-at="2016-06-03T14:01:42Z" finished-at="2016-06-03T14:01:44Z">
          <params>
            <param index="0">
              <value>
                <![CDATA[Chrome]]>
              </value>
            </param>
          </params>
          <reporter-output>
          </reporter-output>
        </test-method> <!-- saveScreenshotAndCloseBrowser -->
      </class> <!-- AtheneUSA.SeleniumwithMavenProject.AppTest -->
    </test> <!-- Chrome test -->
    <test name="IE test" duration-ms="7490" started-at="2016-06-03T19:01:44Z" finished-at="2016-06-03T19:01:51Z">
      <class name="AtheneUSA.SeleniumwithMavenProject.AppTest">
        <test-method status="PASS" signature="openBrowser(java.lang.String)[pri:0, instance:AtheneUSA.SeleniumwithMavenProject.AppTest@1bce4f0a]" name="openBrowser" is-config="true" duration-ms="2780" started-at="2016-06-03T14:01:44Z" finished-at="2016-06-03T14:01:46Z">
          <params>
            <param index="0">
              <value>
                <![CDATA[IE]]>
              </value>
            </param>
          </params>
          <reporter-output>
          </reporter-output>
        </test-method> <!-- openBrowser -->
        <test-method status="PASS" signature="pageTitleAfterSearchShouldBeginWithSelenium()[pri:0, instance:AtheneUSA.SeleniumwithMavenProject.AppTest@1bce4f0a]" name="pageTitleAfterSearchShouldBeginWithSelenium" duration-ms="3440" started-at="2016-06-03T14:01:46Z" finished-at="2016-06-03T14:01:50Z">
          <reporter-output>
          </reporter-output>
        </test-method> <!-- pageTitleAfterSearchShouldBeginWithSelenium -->
        <test-method status="PASS" signature="saveScreenshotAndCloseBrowser(java.lang.String)[pri:0, instance:AtheneUSA.SeleniumwithMavenProject.AppTest@1bce4f0a]" name="saveScreenshotAndCloseBrowser" is-config="true" duration-ms="1270" started-at="2016-06-03T14:01:50Z" finished-at="2016-06-03T14:01:51Z">
          <params>
            <param index="0">
              <value>
                <![CDATA[IE]]>
              </value>
            </param>
          </params>
          <reporter-output>
          </reporter-output>
        </test-method> <!-- saveScreenshotAndCloseBrowser -->
      </class> <!-- AtheneUSA.SeleniumwithMavenProject.AppTest -->
    </test> <!-- IE test -->
  </suite> <!-- Default suite -->
</testng-results>
